2018-02-25 10:44:54.076  INFO 17561 --- [main] pkg.ApplicationKt                        : Starting ApplicationKt on mac-steffenstenersen with PID 17561 (/Users/steffenstenersen/IdeaProjects/HelloGradle/out/production/classes started by steffenstenersen in /Users/steffenstenersen/IdeaProjects/HelloGradle)
2018-02-25 10:44:54.077  INFO 17561 --- [main] pkg.ApplicationKt                        : No active profile set, falling back to default profiles: default
2018-02-25 10:44:54.233  INFO 17561 --- [main] ationConfigEmbeddedWebApplicationContext : Refreshing org.springframework.boot.context.embedded.AnnotationConfigEmbeddedWebApplicationContext@2e1ef60: startup date [Sun Feb 25 10:44:54 CET 2018]; root of context hierarchy
2018-02-25 10:44:57.164  INFO 17561 --- [main] s.b.c.e.t.TomcatEmbeddedServletContainer : Tomcat initialized with port(s): 8090 (http)
2018-02-25 10:44:57.193  INFO 17561 --- [main] o.apache.catalina.core.StandardService   : Starting service [Tomcat]
2018-02-25 10:44:57.195  INFO 17561 --- [main] org.apache.catalina.core.StandardEngine  : Starting Servlet Engine: Apache Tomcat/8.5.15
2018-02-25 10:44:57.411  INFO 17561 --- [localhost-startStop-1] o.a.c.c.C.[Tomcat].[localhost].[/]       : Initializing Spring embedded WebApplicationContext
2018-02-25 10:44:57.411  INFO 17561 --- [localhost-startStop-1] o.s.web.context.ContextLoader            : Root WebApplicationContext: initialization completed in 3183 ms
2018-02-25 10:44:57.606  INFO 17561 --- [localhost-startStop-1] o.s.b.w.servlet.ServletRegistrationBean  : Mapping servlet: 'dispatcherServlet' to [/]
2018-02-25 10:44:57.610  INFO 17561 --- [localhost-startStop-1] o.s.b.w.servlet.FilterRegistrationBean   : Mapping filter: 'characterEncodingFilter' to: [/*]
2018-02-25 10:44:57.611  INFO 17561 --- [localhost-startStop-1] o.s.b.w.servlet.FilterRegistrationBean   : Mapping filter: 'hiddenHttpMethodFilter' to: [/*]
2018-02-25 10:44:57.611  INFO 17561 --- [localhost-startStop-1] o.s.b.w.servlet.FilterRegistrationBean   : Mapping filter: 'httpPutFormContentFilter' to: [/*]
2018-02-25 10:44:57.611  INFO 17561 --- [localhost-startStop-1] o.s.b.w.servlet.FilterRegistrationBean   : Mapping filter: 'requestContextFilter' to: [/*]
2018-02-25 10:44:58.067  INFO 17561 --- [main] s.w.s.m.m.a.RequestMappingHandlerAdapter : Looking for @ControllerAdvice: org.springframework.boot.context.embedded.AnnotationConfigEmbeddedWebApplicationContext@2e1ef60: startup date [Sun Feb 25 10:44:54 CET 2018]; root of context hierarchy
2018-02-25 10:44:58.176  INFO 17561 --- [main] s.w.s.m.m.a.RequestMappingHandlerMapping : Mapped "{[/greeting],methods=[GET]}" onto public pkg.Greeting pkg.GreetingController.greeting(java.lang.String)
2018-02-25 10:44:58.179  INFO 17561 --- [main] s.w.s.m.m.a.RequestMappingHandlerMapping : Mapped "{[/error]}" onto public org.springframework.http.ResponseEntity<java.util.Map<java.lang.String, java.lang.Object>> org.springframework.boot.autoconfigure.web.BasicErrorController.error(javax.servlet.http.HttpServletRequest)
2018-02-25 10:44:58.179  INFO 17561 --- [main] s.w.s.m.m.a.RequestMappingHandlerMapping : Mapped "{[/error],produces=[text/html]}" onto public org.springframework.web.servlet.ModelAndView org.springframework.boot.autoconfigure.web.BasicErrorController.errorHtml(javax.servlet.http.HttpServletRequest,javax.servlet.http.HttpServletResponse)
2018-02-25 10:44:58.318  INFO 17561 --- [main] o.s.w.s.handler.SimpleUrlHandlerMapping  : Mapped URL path [/webjars/**] onto handler of type [class org.springframework.web.servlet.resource.ResourceHttpRequestHandler]
2018-02-25 10:44:58.318  INFO 17561 --- [main] o.s.w.s.handler.SimpleUrlHandlerMapping  : Mapped URL path [/**] onto handler of type [class org.springframework.web.servlet.resource.ResourceHttpRequestHandler]
2018-02-25 10:44:58.411  INFO 17561 --- [main] o.s.w.s.handler.SimpleUrlHandlerMapping  : Mapped URL path [/**/favicon.ico] onto handler of type [class org.springframework.web.servlet.resource.ResourceHttpRequestHandler]
2018-02-25 10:44:58.697  INFO 17561 --- [main] o.s.j.e.a.AnnotationMBeanExporter        : Registering beans for JMX exposure on startup
2018-02-25 10:44:58.911  INFO 17561 --- [main] s.b.c.e.t.TomcatEmbeddedServletContainer : Tomcat started on port(s): 8090 (http)
2018-02-25 10:44:58.918  INFO 17561 --- [main] pkg.ApplicationKt                        : Started ApplicationKt in 5.743 seconds (JVM running for 7.562)
2018-02-25 10:47:56.289  INFO 17561 --- [Thread-3] ationConfigEmbeddedWebApplicationContext : Closing org.springframework.boot.context.embedded.AnnotationConfigEmbeddedWebApplicationContext@2e1ef60: startup date [Sun Feb 25 10:44:54 CET 2018]; root of context hierarchy
2018-02-25 10:47:56.297  INFO 17561 --- [Thread-3] o.s.j.e.a.AnnotationMBeanExporter        : Unregistering JMX-exposed beans on shutdown
2018-02-25 10:47:59.744  INFO 18022 --- [main] pkg.ApplicationKt                        : Starting ApplicationKt on mac-steffenstenersen with PID 18022 (/Users/steffenstenersen/IdeaProjects/HelloGradle/out/production/classes started by steffenstenersen in /Users/steffenstenersen/IdeaProjects/HelloGradle)
2018-02-25 10:47:59.744  INFO 18022 --- [main] pkg.ApplicationKt                        : No active profile set, falling back to default profiles: default
2018-02-25 10:47:59.900  INFO 18022 --- [main] ationConfigEmbeddedWebApplicationContext : Refreshing org.springframework.boot.context.embedded.AnnotationConfigEmbeddedWebApplicationContext@53fd0d10: startup date [Sun Feb 25 10:47:59 CET 2018]; root of context hierarchy
2018-02-25 10:48:02.608  INFO 18022 --- [main] s.b.c.e.t.TomcatEmbeddedServletContainer : Tomcat initialized with port(s): 8090 (http)
2018-02-25 10:48:02.639  INFO 18022 --- [main] o.apache.catalina.core.StandardService   : Starting service [Tomcat]
2018-02-25 10:48:02.641  INFO 18022 --- [main] org.apache.catalina.core.StandardEngine  : Starting Servlet Engine: Apache Tomcat/8.5.15
2018-02-25 10:48:02.814  INFO 18022 --- [localhost-startStop-1] o.a.c.c.C.[Tomcat].[localhost].[/]       : Initializing Spring embedded WebApplicationContext
2018-02-25 10:48:02.815  INFO 18022 --- [localhost-startStop-1] o.s.web.context.ContextLoader            : Root WebApplicationContext: initialization completed in 2920 ms
2018-02-25 10:48:03.157  INFO 18022 --- [localhost-startStop-1] o.s.b.w.servlet.ServletRegistrationBean  : Mapping servlet: 'dispatcherServlet' to [/]
2018-02-25 10:48:03.169  INFO 18022 --- [localhost-startStop-1] o.s.b.w.servlet.FilterRegistrationBean   : Mapping filter: 'characterEncodingFilter' to: [/*]
2018-02-25 10:48:03.170  INFO 18022 --- [localhost-startStop-1] o.s.b.w.servlet.FilterRegistrationBean   : Mapping filter: 'hiddenHttpMethodFilter' to: [/*]
2018-02-25 10:48:03.170  INFO 18022 --- [localhost-startStop-1] o.s.b.w.servlet.FilterRegistrationBean   : Mapping filter: 'httpPutFormContentFilter' to: [/*]
2018-02-25 10:48:03.170  INFO 18022 --- [localhost-startStop-1] o.s.b.w.servlet.FilterRegistrationBean   : Mapping filter: 'requestContextFilter' to: [/*]
2018-02-25 10:48:03.818  INFO 18022 --- [main] s.w.s.m.m.a.RequestMappingHandlerAdapter : Looking for @ControllerAdvice: org.springframework.boot.context.embedded.AnnotationConfigEmbeddedWebApplicationContext@53fd0d10: startup date [Sun Feb 25 10:47:59 CET 2018]; root of context hierarchy
2018-02-25 10:48:03.931  INFO 18022 --- [main] s.w.s.m.m.a.RequestMappingHandlerMapping : Mapped "{[/greeting],methods=[GET]}" onto public pkg.Greeting pkg.GreetingController.greeting(java.lang.String)
2018-02-25 10:48:03.935  INFO 18022 --- [main] s.w.s.m.m.a.RequestMappingHandlerMapping : Mapped "{[/error]}" onto public org.springframework.http.ResponseEntity<java.util.Map<java.lang.String, java.lang.Object>> org.springframework.boot.autoconfigure.web.BasicErrorController.error(javax.servlet.http.HttpServletRequest)
2018-02-25 10:48:03.935  INFO 18022 --- [main] s.w.s.m.m.a.RequestMappingHandlerMapping : Mapped "{[/error],produces=[text/html]}" onto public org.springframework.web.servlet.ModelAndView org.springframework.boot.autoconfigure.web.BasicErrorController.errorHtml(javax.servlet.http.HttpServletRequest,javax.servlet.http.HttpServletResponse)
2018-02-25 10:48:03.999  INFO 18022 --- [main] o.s.w.s.handler.SimpleUrlHandlerMapping  : Mapped URL path [/webjars/**] onto handler of type [class org.springframework.web.servlet.resource.ResourceHttpRequestHandler]
2018-02-25 10:48:03.999  INFO 18022 --- [main] o.s.w.s.handler.SimpleUrlHandlerMapping  : Mapped URL path [/**] onto handler of type [class org.springframework.web.servlet.resource.ResourceHttpRequestHandler]
2018-02-25 10:48:04.136  INFO 18022 --- [main] o.s.w.s.handler.SimpleUrlHandlerMapping  : Mapped URL path [/**/favicon.ico] onto handler of type [class org.springframework.web.servlet.resource.ResourceHttpRequestHandler]
2018-02-25 10:48:04.534  INFO 18022 --- [main] o.s.j.e.a.AnnotationMBeanExporter        : Registering beans for JMX exposure on startup
2018-02-25 10:48:04.651  INFO 18022 --- [main] s.b.c.e.t.TomcatEmbeddedServletContainer : Tomcat started on port(s): 8090 (http)
2018-02-25 10:48:04.667  INFO 18022 --- [main] pkg.ApplicationKt                        : Started ApplicationKt in 5.736 seconds (JVM running for 7.415)
